#
# There is insufficient memory for the Java Runtime Environment to continue.
# Native memory allocation (malloc) failed to allocate 1078096 bytes for Chunk::new
# Possible reasons:
#   The system is out of physical RAM or swap space
#   The process is running with CompressedOops enabled, and the Java Heap may be blocking the growth of the native heap
# Possible solutions:
#   Reduce memory load on the system
#   Increase physical memory or swap space
#   Check if swap backing store is full
#   Decrease Java heap size (-Xmx/-Xms)
#   Decrease number of Java threads
#   Decrease Java thread stack sizes (-Xss)
#   Set larger code cache with -XX:ReservedCodeCacheSize=
#   JVM is running with Unscaled Compressed Oops mode in which the Java heap is
#     placed in the first 4GB address space. The Java Heap base address is the
#     maximum limit for the native heap growth. Please use -XX:HeapBaseMinAddress
#     to set the Java Heap base and to place the Java Heap above 4GB virtual address.
# This output file may be truncated or incomplete.
#
#  Out of Memory Error (./open/src/hotspot/share/memory/arena.cpp:195), pid=15696, tid=24220
#
# JRE version: Java(TM) SE Runtime Environment (15.0+36) (build 15+36-1562)
# Java VM: Java HotSpot(TM) 64-Bit Server VM (15+36-1562, mixed mode, sharing, tiered, compressed oops, g1 gc, windows-amd64)
# No core dump will be written. Minidumps are not enabled by default on client versions of Windows
#

---------------  S U M M A R Y ------------

Command Line: -ea -javaagent:C:\Users\OlegZX\.m2\repository/org/aspectj/aspectjweaver/1.9.9.1/aspectjweaver-1.9.9.1.jar -Didea.test.cyclic.buffer.size=1048576 -javaagent:C:\Program Files\JetBrains\IntelliJ IDEA Community Edition 2022.1.2\lib\idea_rt.jar=64502:C:\Program Files\JetBrains\IntelliJ IDEA Community Edition 2022.1.2\bin -Dfile.encoding=UTF-8 com.intellij.rt.junit.JUnitStarter -ideVersion5 -junit5 org.selenide.examples.InternetBankTest

Host: AMD Ryzen 5 3500U with Radeon Vega Mobile Gfx  , 8 cores, 6G,  Windows 10 , 64 bit Build 19041 (10.0.19041.1741)
Time: Sat Jul  9 20:00:45 2022 Грузинское время (зима) elapsed time: 18.569386 seconds (0d 0h 0m 18s)

---------------  T H R E A D  ---------------

Current thread (0x000002535dc26f40):  JavaThread "C2 CompilerThread0" daemon [_thread_in_native, id=24220, stack(0x00000079b8100000,0x00000079b8200000)]


Current CompileTask:
C2:  18569 4803       4       org.aspectj.weaver.AbstractReferenceTypeDelegate::setSourcefilename (133 bytes)

Stack: [0x00000079b8100000,0x00000079b8200000]
Native frames: (J=compiled Java code, j=interpreted, Vv=VM code, C=native code)
V  [jvm.dll+0x629eaa]
V  [jvm.dll+0x780379]
V  [jvm.dll+0x781ad3]
V  [jvm.dll+0x782133]
V  [jvm.dll+0x2159d5]
V  [jvm.dll+0x9794a]
V  [jvm.dll+0x9802c]
V  [jvm.dll+0x32dbd8]
V  [jvm.dll+0x2f6ffa]
V  [jvm.dll+0x2f63ba]
V  [jvm.dll+0x1e9dd5]
V  [jvm.dll+0x1e903e]
V  [jvm.dll+0x177f17]
V  [jvm.dll+0x1f88f5]
V  [jvm.dll+0x1f699c]
V  [jvm.dll+0x74384d]
V  [jvm.dll+0x73c64a]
V  [jvm.dll+0x628d16]
C  [ucrtbase.dll+0x21bb2]
C  [KERNEL32.DLL+0x17034]
C  [ntdll.dll+0x52651]


---------------  P R O C E S S  ---------------

Threads class SMR info:
_java_thread_list=0x000002535fde5d60, length=28, elements={
0x000002533fa9da80, 0x000002535dbff230, 0x000002535dbffe00, 0x000002535dc1db70,
0x000002535dc20440, 0x000002535dc215a0, 0x000002535dc26f40, 0x000002535dc2c0b0,
0x000002535dc38160, 0x000002535e788e90, 0x000002535f1f9890, 0x000002535f1f8080,
0x000002535f1f93c0, 0x00000253631e08c0, 0x00000253631e1c00, 0x00000253631de240,
0x00000253631dad50, 0x00000253631de710, 0x00000253631db6f0, 0x00000253631e03f0,
0x00000253631e1260, 0x00000253631dca30, 0x00000253631e25a0, 0x00000253631e0d90,
0x00000253631db220, 0x00000253631dd3d0, 0x00000253631ddd70, 0x00000253612fbef0
}

Java Threads: ( => current thread )
  0x000002533fa9da80 JavaThread "main" [_thread_in_Java, id=13984, stack(0x00000079b7500000,0x00000079b7600000)]
  0x000002535dbff230 JavaThread "Reference Handler" daemon [_thread_blocked, id=23804, stack(0x00000079b7c00000,0x00000079b7d00000)]
  0x000002535dbffe00 JavaThread "Finalizer" daemon [_thread_blocked, id=24844, stack(0x00000079b7d00000,0x00000079b7e00000)]
  0x000002535dc1db70 JavaThread "Signal Dispatcher" daemon [_thread_blocked, id=4100, stack(0x00000079b7e00000,0x00000079b7f00000)]
  0x000002535dc20440 JavaThread "Attach Listener" daemon [_thread_blocked, id=15192, stack(0x00000079b7f00000,0x00000079b8000000)]
  0x000002535dc215a0 JavaThread "Service Thread" daemon [_thread_blocked, id=7908, stack(0x00000079b8000000,0x00000079b8100000)]
=>0x000002535dc26f40 JavaThread "C2 CompilerThread0" daemon [_thread_in_native, id=24220, stack(0x00000079b8100000,0x00000079b8200000)]
  0x000002535dc2c0b0 JavaThread "C1 CompilerThread0" daemon [_thread_blocked, id=5160, stack(0x00000079b8200000,0x00000079b8300000)]
  0x000002535dc38160 JavaThread "Sweeper thread" daemon [_thread_blocked, id=19528, stack(0x00000079b8300000,0x00000079b8400000)]
  0x000002535e788e90 JavaThread "Common-Cleaner" daemon [_thread_blocked, id=3852, stack(0x00000079b8400000,0x00000079b8500000)]
  0x000002535f1f9890 JavaThread "Monitor Ctrl-Break" daemon [_thread_in_native, id=11852, stack(0x00000079b8700000,0x00000079b8800000)]
  0x000002535f1f8080 JavaThread "Notification Thread" daemon [_thread_blocked, id=27808, stack(0x00000079b8800000,0x00000079b8900000)]
  0x000002535f1f93c0 JavaThread "LittleProxy-0-ClientToProxyAcceptor-0" daemon [_thread_in_native, id=27196, stack(0x00000079b9200000,0x00000079b9300000)]
  0x00000253631e08c0 JavaThread "ForkJoinPool.commonPool-worker-3" daemon [_thread_blocked, id=18696, stack(0x00000079b9400000,0x00000079b9500000)]
  0x00000253631e1c00 JavaThread "AsyncHttpClient-2-1" daemon [_thread_blocked, id=16284, stack(0x00000079b9500000,0x00000079b9600000)]
  0x00000253631de240 JavaThread "ForkJoinPool.commonPool-worker-5" daemon [_thread_blocked, id=15240, stack(0x00000079b9600000,0x00000079b9700000)]
  0x00000253631dad50 JavaThread "ForkJoinPool.commonPool-worker-7" daemon [_thread_blocked, id=14428, stack(0x00000079b9700000,0x00000079b9800000)]
  0x00000253631de710 JavaThread "Exec Default Executor" daemon [_thread_in_native, id=26916, stack(0x00000079b9800000,0x00000079b9900000)]
  0x00000253631db6f0 JavaThread "Driver Service Executor" daemon [_thread_blocked, id=10396, stack(0x00000079b9900000,0x00000079b9a00000)]
  0x00000253631e03f0 JavaThread "Driver Service Executor" daemon [_thread_blocked, id=7824, stack(0x00000079b9a00000,0x00000079b9b00000)]
  0x00000253631e1260 JavaThread "UrlChecker-2" daemon [_thread_blocked, id=21648, stack(0x00000079b9b00000,0x00000079b9c00000)]
  0x00000253631dca30 JavaThread "Exec Stream Pumper" daemon [_thread_in_native, id=8796, stack(0x00000079b9d00000,0x00000079b9e00000)]
  0x00000253631e25a0 JavaThread "Exec Stream Pumper" daemon [_thread_in_native, id=19028, stack(0x00000079b9e00000,0x00000079b9f00000)]
  0x00000253631e0d90 JavaThread "AsyncHttpClient-2-2" daemon [_thread_in_native, id=9792, stack(0x00000079b9f00000,0x00000079ba000000)]
  0x00000253631db220 JavaThread "AsyncHttpClient-2-3" daemon [_thread_in_native, id=9724, stack(0x00000079b8500000,0x00000079b8600000)]
  0x00000253631dd3d0 JavaThread "AsyncHttpClient-2-4" daemon [_thread_in_native, id=3108, stack(0x00000079ba000000,0x00000079ba100000)]
  0x00000253631ddd70 JavaThread "Webdrivers killer thread" daemon [_thread_blocked, id=5480, stack(0x00000079ba100000,0x00000079ba200000)]
  0x00000253612fbef0 JavaThread "C2 CompilerThread1" daemon [_thread_in_native, id=8820, stack(0x00000079b9100000,0x00000079b9200000)]

Other Threads:
  0x000002535dbfb200 VMThread "VM Thread" [stack: 0x00000079b7b00000,0x00000079b7c00000] [id=4912]
  0x000002535fc29770 WatcherThread [stack: 0x00000079b8900000,0x00000079b8a00000] [id=16452]
  0x000002533fad9180 GCTaskThread "GC Thread#0" [stack: 0x00000079b7600000,0x00000079b7700000] [id=7728]
  0x000002535eee7720 GCTaskThread "GC Thread#1" [stack: 0x00000079b8600000,0x00000079b8700000] [id=9220]
  0x0000025361c088a0 GCTaskThread "GC Thread#2" [stack: 0x00000079b8e00000,0x00000079b8f00000] [id=512]
  0x0000025361c0b210 GCTaskThread "GC Thread#3" [stack: 0x00000079b9300000,0x00000079b9400000] [id=24300]
  0x000002533fae8250 ConcurrentGCThread "G1 Main Marker" [stack: 0x00000079b7700000,0x00000079b7800000] [id=11396]
  0x000002533faea5f0 ConcurrentGCThread "G1 Conc#0" [stack: 0x00000079b7800000,0x00000079b7900000] [id=5408]
  0x0000025361c0abb0 ConcurrentGCThread "G1 Conc#1" [stack: 0x00000079b8f00000,0x00000079b9000000] [id=7224]
  0x000002533fb5d9d0 ConcurrentGCThread "G1 Refine#0" [stack: 0x00000079b7900000,0x00000079b7a00000] [id=20452]
  0x000002535f3ac270 ConcurrentGCThread "G1 Refine#1" [stack: 0x00000079b8a00000,0x00000079b8b00000] [id=20356]
  0x000002535f3ac5d0 ConcurrentGCThread "G1 Refine#2" [stack: 0x00000079b8b00000,0x00000079b8c00000] [id=15488]
  0x000002535f3aaad0 ConcurrentGCThread "G1 Refine#3" [stack: 0x00000079b8c00000,0x00000079b8d00000] [id=20808]
  0x000002535f3abbb0 ConcurrentGCThread "G1 Refine#4" [stack: 0x00000079b8d00000,0x00000079b8e00000] [id=12784]
  0x0000025361e82fd0 ConcurrentGCThread "G1 Refine#5" [stack: 0x00000079b9000000,0x00000079b9100000] [id=24520]
  0x000002533fb5e470 ConcurrentGCThread "G1 Young RemSet Sampling" [stack: 0x00000079b7a00000,0x00000079b7b00000] [id=17744]

Threads with active compile tasks:
C2 CompilerThread0    18617 4803       4       org.aspectj.weaver.AbstractReferenceTypeDelegate::setSourcefilename (133 bytes)
C1 CompilerThread0    18617 4834       3       io.qameta.allure.internal.shadowed.jackson.databind.introspect.POJOPropertyBuilder::getGetter (225 bytes)
C2 CompilerThread1    18617 4807       4       org.aspectj.weaver.bcel.BcelWorld::buildBcelDelegate (17 bytes)

VM state: not at safepoint (normal execution)

VM Mutex/Monitor currently owned by a thread:  ([mutex/lock_event])
[0x000002533d839050] CodeCache_lock - owner thread: 0x000002535dc2c0b0
[0x000002533fa9a6c0] Compile_lock - owner thread: 0x0000000000000000

Heap address: 0x0000000091000000, size: 1776 MB, Compressed Oops mode: 32-bit
CDS archive(s) mapped at: [0x0000000800000000-0x0000000800b50000-0x0000000800b50000), size 11862016, SharedBaseAddress: 0x0000000800000000, ArchiveRelocationMode: 0.
Compressed class space mapped at: 0x0000000800b50000-0x0000000840b50000, size: 1073741824
Narrow klass base: 0x0000000800000000, Narrow klass shift: 3, Narrow klass range: 0x100000000

GC Precious Log:
 CPUs: 8 total, 8 available
 Memory: 7103M
 Large Page Support: Disabled
 NUMA Support: Disabled
 Compressed Oops: Enabled (32-bit)
 Heap Region Size: 1M
 Heap Min Capacity: 8M
 Heap Initial Capacity: 112M
 Heap Max Capacity: 1776M
 Pre-touch: Disabled
 Parallel Workers: 8
 Concurrent Workers: 2
 Concurrent Refinement Workers: 8
 Periodic GC: Disabled

Heap:
 garbage-first heap   total 177152K, used 82901K [0x0000000091000000, 0x0000000100000000)
  region size 1024K, 13 young (13312K), 7 survivors (7168K)
 Metaspace       used 39058K, capacity 39361K, committed 39424K, reserved 1083392K
  class space    used 4442K, capacity 4546K, committed 4608K, reserved 1048576K

Heap Regions: E=young(eden), S=young(survivor), O=old, HS=humongous(starts), HC=humongous(continues), CS=collection set, F=free, OA=open archive, CA=closed archive, TAMS=top-at-mark-start (previous, next)
|   0|0x0000000091000000, 0x0000000091100000, 0x0000000091100000|100%|HS|  |TAMS 0x0000000091100000, 0x0000000091000000| Complete 
|   1|0x0000000091100000, 0x0000000091200000, 0x0000000091200000|100%| O|  |TAMS 0x0000000091200000, 0x0000000091100000| Untracked 
|   2|0x0000000091200000, 0x0000000091300000, 0x0000000091300000|100%| O|  |TAMS 0x0000000091300000, 0x0000000091200000| Untracked 
|   3|0x0000000091300000, 0x0000000091400000, 0x0000000091400000|100%| O|  |TAMS 0x0000000091400000, 0x0000000091300000| Untracked 
|   4|0x0000000091400000, 0x0000000091500000, 0x0000000091500000|100%| O|  |TAMS 0x0000000091500000, 0x0000000091400000| Untracked 
|   5|0x0000000091500000, 0x0000000091600000, 0x0000000091600000|100%| O|  |TAMS 0x0000000091600000, 0x0000000091500000| Untracked 
|   6|0x0000000091600000, 0x0000000091700000, 0x0000000091700000|100%| O|  |TAMS 0x0000000091700000, 0x0000000091600000| Untracked 
|   7|0x0000000091700000, 0x0000000091800000, 0x0000000091800000|100%| O|  |TAMS 0x0000000091800000, 0x0000000091700000| Untracked 
|   8|0x0000000091800000, 0x0000000091900000, 0x0000000091900000|100%| O|  |TAMS 0x0000000091900000, 0x0000000091800000| Untracked 
|   9|0x0000000091900000, 0x0000000091a00000, 0x0000000091a00000|100%| O|  |TAMS 0x0000000091a00000, 0x0000000091900000| Untracked 
|  10|0x0000000091a00000, 0x0000000091b00000, 0x0000000091b00000|100%| O|  |TAMS 0x0000000091b00000, 0x0000000091a00000| Untracked 
|  11|0x0000000091b00000, 0x0000000091c00000, 0x0000000091c00000|100%| O|  |TAMS 0x0000000091c00000, 0x0000000091b00000| Untracked 
|  12|0x0000000091c00000, 0x0000000091d00000, 0x0000000091d00000|100%| O|  |TAMS 0x0000000091d00000, 0x0000000091c00000| Untracked 
|  13|0x0000000091d00000, 0x0000000091e00000, 0x0000000091e00000|100%| O|  |TAMS 0x0000000091e00000, 0x0000000091d00000| Untracked 
|  14|0x0000000091e00000, 0x0000000091f00000, 0x0000000091f00000|100%| O|  |TAMS 0x0000000091f00000, 0x0000000091e00000| Untracked 
|  15|0x0000000091f00000, 0x0000000092000000, 0x0000000092000000|100%| O|  |TAMS 0x0000000092000000, 0x0000000091f00000| Untracked 
|  16|0x0000000092000000, 0x0000000092100000, 0x0000000092100000|100%| O|  |TAMS 0x0000000092100000, 0x0000000092000000| Untracked 
|  17|0x0000000092100000, 0x0000000092200000, 0x0000000092200000|100%| O|  |TAMS 0x0000000092200000, 0x0000000092100000| Untracked 
|  18|0x0000000092200000, 0x0000000092300000, 0x0000000092300000|100%| O|  |TAMS 0x0000000092300000, 0x0000000092200000| Untracked 
|  19|0x0000000092300000, 0x0000000092400000, 0x0000000092400000|100%| O|  |TAMS 0x0000000092400000, 0x0000000092300000| Untracked 
|  20|0x0000000092400000, 0x0000000092500000, 0x0000000092500000|100%| O|  |TAMS 0x0000000092500000, 0x0000000092400000| Untracked 
|  21|0x0000000092500000, 0x0000000092600000, 0x0000000092600000|100%| O|  |TAMS 0x0000000092600000, 0x0000000092500000| Untracked 
|  22|0x0000000092600000, 0x0000000092700000, 0x0000000092700000|100%| O|  |TAMS 0x0000000092700000, 0x0000000092600000| Untracked 
|  23|0x0000000092700000, 0x0000000092800000, 0x0000000092800000|100%| O|  |TAMS 0x0000000092800000, 0x0000000092700000| Untracked 
|  24|0x0000000092800000, 0x0000000092900000, 0x0000000092900000|100%| O|  |TAMS 0x0000000092900000, 0x0000000092800000| Untracked 
|  25|0x0000000092900000, 0x0000000092a00000, 0x0000000092a00000|100%| O|  |TAMS 0x0000000092a00000, 0x0000000092900000| Untracked 
|  26|0x0000000092a00000, 0x0000000092b00000, 0x0000000092b00000|100%| O|  |TAMS 0x0000000092b00000, 0x0000000092a00000| Untracked 
|  27|0x0000000092b00000, 0x0000000092c00000, 0x0000000092c00000|100%| O|  |TAMS 0x0000000092c00000, 0x0000000092b00000| Untracked 
|  28|0x0000000092c00000, 0x0000000092d00000, 0x0000000092d00000|100%| O|  |TAMS 0x0000000092d00000, 0x0000000092c00000| Untracked 
|  29|0x0000000092d00000, 0x0000000092e00000, 0x0000000092e00000|100%| O|  |TAMS 0x0000000092e00000, 0x0000000092d00000| Untracked 
|  30|0x0000000092e00000, 0x0000000092f00000, 0x0000000092f00000|100%| O|  |TAMS 0x0000000092f00000, 0x0000000092e00000| Untracked 
|  31|0x0000000092f00000, 0x0000000093000000, 0x0000000093000000|100%| O|  |TAMS 0x0000000093000000, 0x0000000092f00000| Untracked 
|  32|0x0000000093000000, 0x0000000093100000, 0x0000000093100000|100%| O|  |TAMS 0x0000000093100000, 0x0000000093000000| Untracked 
|  33|0x0000000093100000, 0x0000000093200000, 0x0000000093200000|100%| O|  |TAMS 0x0000000093200000, 0x0000000093100000| Untracked 
|  34|0x0000000093200000, 0x0000000093300000, 0x0000000093300000|100%| O|  |TAMS 0x0000000093300000, 0x0000000093200000| Untracked 
|  35|0x0000000093300000, 0x0000000093400000, 0x0000000093400000|100%| O|  |TAMS 0x0000000093400000, 0x0000000093300000| Untracked 
|  36|0x0000000093400000, 0x0000000093500000, 0x0000000093500000|100%| O|  |TAMS 0x0000000093500000, 0x0000000093400000| Untracked 
|  37|0x0000000093500000, 0x0000000093500000, 0x0000000093600000|  0%| F|  |TAMS 0x0000000093500000, 0x0000000093500000| Untracked 
|  38|0x0000000093600000, 0x0000000093700000, 0x0000000093700000|100%| O|  |TAMS 0x0000000093700000, 0x0000000093600000| Untracked 
|  39|0x0000000093700000, 0x0000000093800000, 0x0000000093800000|100%| O|  |TAMS 0x0000000093800000, 0x0000000093700000| Untracked 
|  40|0x0000000093800000, 0x0000000093900000, 0x0000000093900000|100%| O|  |TAMS 0x0000000093848800, 0x0000000093800000| Untracked 
|  41|0x0000000093900000, 0x0000000093a00000, 0x0000000093a00000|100%| O|  |TAMS 0x0000000093a00000, 0x0000000093900000| Untracked 
|  42|0x0000000093a00000, 0x0000000093b00000, 0x0000000093b00000|100%| O|  |TAMS 0x0000000093b00000, 0x0000000093a00000| Untracked 
|  43|0x0000000093b00000, 0x0000000093c00000, 0x0000000093c00000|100%| O|  |TAMS 0x0000000093c00000, 0x0000000093b00000| Untracked 
|  44|0x0000000093c00000, 0x0000000093d00000, 0x0000000093d00000|100%| O|  |TAMS 0x0000000093d00000, 0x0000000093c00000| Untracked 
|  45|0x0000000093d00000, 0x0000000093e00000, 0x0000000093e00000|100%| O|  |TAMS 0x0000000093e00000, 0x0000000093d00000| Untracked 
|  46|0x0000000093e00000, 0x0000000093f00000, 0x0000000093f00000|100%| O|  |TAMS 0x0000000093f00000, 0x0000000093e00000| Untracked 
|  47|0x0000000093f00000, 0x0000000094000000, 0x0000000094000000|100%| O|  |TAMS 0x0000000094000000, 0x0000000093f00000| Untracked 
|  48|0x0000000094000000, 0x0000000094100000, 0x0000000094100000|100%| O|  |TAMS 0x0000000094100000, 0x0000000094000000| Untracked 
|  49|0x0000000094100000, 0x0000000094200000, 0x0000000094200000|100%| O|  |TAMS 0x0000000094200000, 0x0000000094100000| Untracked 
|  50|0x0000000094200000, 0x0000000094300000, 0x0000000094300000|100%| O|  |TAMS 0x0000000094300000, 0x0000000094200000| Untracked 
|  51|0x0000000094300000, 0x0000000094400000, 0x0000000094400000|100%| O|  |TAMS 0x0000000094400000, 0x0000000094300000| Untracked 
|  52|0x0000000094400000, 0x0000000094500000, 0x0000000094500000|100%| O|  |TAMS 0x0000000094500000, 0x0000000094400000| Untracked 
|  53|0x0000000094500000, 0x0000000094600000, 0x0000000094600000|100%| O|  |TAMS 0x0000000094600000, 0x0000000094500000| Untracked 
|  54|0x0000000094600000, 0x0000000094700000, 0x0000000094700000|100%| O|  |TAMS 0x0000000094700000, 0x0000000094600000| Untracked 
|  55|0x0000000094700000, 0x0000000094800000, 0x0000000094800000|100%| O|  |TAMS 0x0000000094800000, 0x0000000094700000| Untracked 
|  56|0x0000000094800000, 0x0000000094900000, 0x0000000094900000|100%| O|  |TAMS 0x0000000094900000, 0x0000000094800000| Untracked 
|  57|0x0000000094900000, 0x0000000094a00000, 0x0000000094a00000|100%| O|  |TAMS 0x0000000094a00000, 0x0000000094900000| Untracked 
|  58|0x0000000094a00000, 0x0000000094b00000, 0x0000000094b00000|100%| O|  |TAMS 0x0000000094b00000, 0x0000000094a00000| Untracked 
|  59|0x0000000094b00000, 0x0000000094c00000, 0x0000000094c00000|100%| O|  |TAMS 0x0000000094c00000, 0x0000000094b00000| Untracked 
|  60|0x0000000094c00000, 0x0000000094d00000, 0x0000000094d00000|100%| O|  |TAMS 0x0000000094c00000, 0x0000000094c00000| Untracked 
|  61|0x0000000094d00000, 0x0000000094e00000, 0x0000000094e00000|100%| O|  |TAMS 0x0000000094d00000, 0x0000000094d00000| Untracked 
|  62|0x0000000094e00000, 0x0000000094f00000, 0x0000000094f00000|100%| O|  |TAMS 0x0000000094e00000, 0x0000000094e00000| Untracked 
|  63|0x0000000094f00000, 0x0000000095000000, 0x0000000095000000|100%| O|  |TAMS 0x0000000094f00000, 0x0000000094f00000| Untracked 
|  64|0x0000000095000000, 0x0000000095100000, 0x0000000095100000|100%| O|  |TAMS 0x0000000095000000, 0x0000000095000000| Untracked 
|  65|0x0000000095100000, 0x00000000951a5400, 0x0000000095200000| 64%| O|  |TAMS 0x0000000095100000, 0x0000000095100000| Untracked 
|  66|0x0000000095200000, 0x0000000095300000, 0x0000000095300000|100%|HS|  |TAMS 0x0000000095200000, 0x0000000095200000| Complete 
|  67|0x0000000095300000, 0x0000000095400000, 0x0000000095400000|100%|HC|  |TAMS 0x0000000095300000, 0x0000000095300000| Complete 
|  68|0x0000000095400000, 0x0000000095500000, 0x0000000095500000|100%|HC|  |TAMS 0x0000000095400000, 0x0000000095400000| Complete 
|  69|0x0000000095500000, 0x0000000095600000, 0x0000000095600000|100%|HC|  |TAMS 0x0000000095500000, 0x0000000095500000| Complete 
|  70|0x0000000095600000, 0x0000000095700000, 0x0000000095700000|100%|HC|  |TAMS 0x0000000095600000, 0x0000000095600000| Complete 
|  71|0x0000000095700000, 0x0000000095700000, 0x0000000095800000|  0%| F|  |TAMS 0x0000000095700000, 0x0000000095700000| Untracked 
|  72|0x0000000095800000, 0x0000000095800000, 0x0000000095900000|  0%| F|  |TAMS 0x0000000095800000, 0x0000000095800000| Untracked 
|  73|0x0000000095900000, 0x0000000095900000, 0x0000000095a00000|  0%| F|  |TAMS 0x0000000095900000, 0x0000000095900000| Untracked 
|  74|0x0000000095a00000, 0x0000000095a00000, 0x0000000095b00000|  0%| F|  |TAMS 0x0000000095a00000, 0x0000000095a00000| Untracked 
|  75|0x0000000095b00000, 0x0000000095b00000, 0x0000000095c00000|  0%| F|  |TAMS 0x0000000095b00000, 0x0000000095b00000| Untracked 
|  76|0x0000000095c00000, 0x0000000095c00000, 0x0000000095d00000|  0%| F|  |TAMS 0x0000000095c00000, 0x0000000095c00000| Untracked 
|  77|0x0000000095d00000, 0x0000000095d00000, 0x0000000095e00000|  0%| F|  |TAMS 0x0000000095d00000, 0x0000000095d00000| Untracked 
|  78|0x0000000095e00000, 0x0000000095e00000, 0x0000000095f00000|  0%| F|  |TAMS 0x0000000095e00000, 0x0000000095e00000| Untracked 
|  79|0x0000000095f00000, 0x0000000095f00000, 0x0000000096000000|  0%| F|  |TAMS 0x0000000095f00000, 0x0000000095f00000| Untracked 
|  80|0x0000000096000000, 0x0000000096000000, 0x0000000096100000|  0%| F|  |TAMS 0x0000000096000000, 0x0000000096000000| Untracked 
|  81|0x0000000096100000, 0x0000000096100000, 0x0000000096200000|  0%| F|  |TAMS 0x0000000096100000, 0x0000000096100000| Untracked 
|  82|0x0000000096200000, 0x0000000096200000, 0x0000000096300000|  0%| F|  |TAMS 0x0000000096200000, 0x0000000096200000| Untracked 
|  83|0x0000000096300000, 0x0000000096300000, 0x0000000096400000|  0%| F|  |TAMS 0x0000000096300000, 0x0000000096300000| Untracked 
|  84|0x0000000096400000, 0x0000000096400000, 0x0000000096500000|  0%| F|  |TAMS 0x0000000096400000, 0x0000000096400000| Untracked 
|  85|0x0000000096500000, 0x0000000096500000, 0x0000000096600000|  0%| F|  |TAMS 0x0000000096500000, 0x0000000096500000| Untracked 
|  86|0x0000000096600000, 0x0000000096600000, 0x0000000096700000|  0%| F|  |TAMS 0x0000000096600000, 0x0000000096600000| Untracked 
|  87|0x0000000096700000, 0x0000000096700000, 0x0000000096800000|  0%| F|  |TAMS 0x0000000096700000, 0x0000000096700000| Untracked 
|  88|0x0000000096800000, 0x0000000096800000, 0x0000000096900000|  0%| F|  |TAMS 0x0000000096800000, 0x0000000096800000| Untracked 
|  89|0x0000000096900000, 0x0000000096900000, 0x0000000096a00000|  0%| F|  |TAMS 0x0000000096900000, 0x0000000096900000| Untracked 
|  90|0x0000000096a00000, 0x0000000096a00000, 0x0000000096b00000|  0%| F|  |TAMS 0x0000000096a00000, 0x0000000096a00000| Untracked 
|  91|0x0000000096b00000, 0x0000000096b00000, 0x0000000096c00000|  0%| F|  |TAMS 0x0000000096b00000, 0x0000000096b00000| Untracked 
|  92|0x0000000096c00000, 0x0000000096c00000, 0x0000000096d00000|  0%| F|  |TAMS 0x0000000096c00000, 0x0000000096c00000| Untracked 
|  93|0x0000000096d00000, 0x0000000096d00000, 0x0000000096e00000|  0%| F|  |TAMS 0x0000000096d00000, 0x0000000096d00000| Untracked 
|  94|0x0000000096e00000, 0x0000000096e00000, 0x0000000096f00000|  0%| F|  |TAMS 0x0000000096e00000, 0x0000000096e00000| Untracked 
|  95|0x0000000096f00000, 0x0000000096f00000, 0x0000000097000000|  0%| F|  |TAMS 0x0000000096f00000, 0x0000000096f00000| Untracked 
|  96|0x0000000097000000, 0x0000000097000000, 0x0000000097100000|  0%| F|  |TAMS 0x0000000097000000, 0x0000000097000000| Untracked 
|  97|0x0000000097100000, 0x0000000097100000, 0x0000000097200000|  0%| F|  |TAMS 0x0000000097100000, 0x0000000097100000| Untracked 
|  98|0x0000000097200000, 0x0000000097250020, 0x0000000097300000| 31%| S|CS|TAMS 0x0000000097200000, 0x0000000097200000| Complete 
|  99|0x0000000097300000, 0x0000000097400000, 0x0000000097400000|100%| S|CS|TAMS 0x0000000097300000, 0x0000000097300000| Complete 
| 100|0x0000000097400000, 0x0000000097500000, 0x0000000097500000|100%| S|CS|TAMS 0x0000000097400000, 0x0000000097400000| Complete 
| 101|0x0000000097500000, 0x0000000097600000, 0x0000000097600000|100%| S|CS|TAMS 0x0000000097500000, 0x0000000097500000| Complete 
| 102|0x0000000097600000, 0x0000000097700000, 0x0000000097700000|100%| S|CS|TAMS 0x0000000097600000, 0x0000000097600000| Complete 
| 103|0x0000000097700000, 0x0000000097800000, 0x0000000097800000|100%| S|CS|TAMS 0x0000000097700000, 0x0000000097700000| Complete 
| 104|0x0000000097800000, 0x0000000097900000, 0x0000000097900000|100%| S|CS|TAMS 0x0000000097800000, 0x0000000097800000| Complete 
| 105|0x0000000097900000, 0x0000000097900000, 0x0000000097a00000|  0%| F|  |TAMS 0x0000000097900000, 0x0000000097900000| Untracked 
| 106|0x0000000097a00000, 0x0000000097a00000, 0x0000000097b00000|  0%| F|  |TAMS 0x0000000097a00000, 0x0000000097a00000| Untracked 
| 107|0x0000000097b00000, 0x0000000097b00000, 0x0000000097c00000|  0%| F|  |TAMS 0x0000000097b00000, 0x0000000097b00000| Untracked 
| 108|0x0000000097c00000, 0x0000000097c00000, 0x0000000097d00000|  0%| F|  |TAMS 0x0000000097c00000, 0x0000000097c00000| Untracked 
| 109|0x0000000097d00000, 0x0000000097d00000, 0x0000000097e00000|  0%| F|  |TAMS 0x0000000097d00000, 0x0000000097d00000| Untracked 
| 110|0x0000000097e00000, 0x0000000097e00000, 0x0000000097f00000|  0%| F|  |TAMS 0x0000000097e00000, 0x0000000097e00000| Untracked 
| 111|0x0000000097f00000, 0x0000000097f00000, 0x0000000098000000|  0%| F|  |TAMS 0x0000000097f00000, 0x0000000097f00000| Untracked 
| 112|0x0000000098000000, 0x0000000098000000, 0x0000000098100000|  0%| F|  |TAMS 0x0000000098000000, 0x0000000098000000| Untracked 
| 113|0x0000000098100000, 0x0000000098100000, 0x0000000098200000|  0%| F|  |TAMS 0x0000000098100000, 0x0000000098100000| Untracked 
| 114|0x0000000098200000, 0x0000000098200000, 0x0000000098300000|  0%| F|  |TAMS 0x0000000098200000, 0x0000000098200000| Untracked 
| 115|0x0000000098300000, 0x0000000098300000, 0x0000000098400000|  0%| F|  |TAMS 0x0000000098300000, 0x0000000098300000| Untracked 
| 116|0x0000000098400000, 0x0000000098400000, 0x0000000098500000|  0%| F|  |TAMS 0x0000000098400000, 0x0000000098400000| Untracked 
| 117|0x0000000098500000, 0x0000000098500000, 0x0000000098600000|  0%| F|  |TAMS 0x0000000098500000, 0x0000000098500000| Untracked 
| 118|0x0000000098600000, 0x0000000098600000, 0x0000000098700000|  0%| F|  |TAMS 0x0000000098600000, 0x0000000098600000| Untracked 
| 119|0x0000000098700000, 0x0000000098700000, 0x0000000098800000|  0%| F|  |TAMS 0x0000000098700000, 0x0000000098700000| Untracked 
| 120|0x0000000098800000, 0x0000000098800000, 0x0000000098900000|  0%| F|  |TAMS 0x0000000098800000, 0x0000000098800000| Untracked 
| 121|0x0000000098900000, 0x0000000098900000, 0x0000000098a00000|  0%| F|  |TAMS 0x0000000098900000, 0x0000000098900000| Untracked 
| 122|0x0000000098a00000, 0x0000000098a00000, 0x0000000098b00000|  0%| F|  |TAMS 0x0000000098a00000, 0x0000000098a00000| Untracked 
| 123|0x0000000098b00000, 0x0000000098b00000, 0x0000000098c00000|  0%| F|  |TAMS 0x0000000098b00000, 0x0000000098b00000| Untracked 
| 124|0x0000000098c00000, 0x0000000098c00000, 0x0000000098d00000|  0%| F|  |TAMS 0x0000000098c00000, 0x0000000098c00000| Untracked 
| 125|0x0000000098d00000, 0x0000000098d00000, 0x0000000098e00000|  0%| F|  |TAMS 0x0000000098d00000, 0x0000000098d00000| Untracked 
| 126|0x0000000098e00000, 0x0000000098e00000, 0x0000000098f00000|  0%| F|  |TAMS 0x0000000098e00000, 0x0000000098e00000| Untracked 
| 127|0x0000000098f00000, 0x0000000098f00000, 0x0000000099000000|  0%| F|  |TAMS 0x0000000098f00000, 0x0000000098f00000| Untracked 
| 128|0x0000000099000000, 0x0000000099000000, 0x0000000099100000|  0%| F|  |TAMS 0x0000000099000000, 0x0000000099000000| Untracked 
| 129|0x0000000099100000, 0x0000000099100000, 0x0000000099200000|  0%| F|  |TAMS 0x0000000099100000, 0x0000000099100000| Untracked 
| 130|0x0000000099200000, 0x0000000099200000, 0x0000000099300000|  0%| F|  |TAMS 0x0000000099200000, 0x0000000099200000| Untracked 
| 131|0x0000000099300000, 0x0000000099300000, 0x0000000099400000|  0%| F|  |TAMS 0x0000000099300000, 0x0000000099300000| Untracked 
| 132|0x0000000099400000, 0x0000000099400000, 0x0000000099500000|  0%| F|  |TAMS 0x0000000099400000, 0x0000000099400000| Untracked 
| 133|0x0000000099500000, 0x0000000099500000, 0x0000000099600000|  0%| F|  |TAMS 0x0000000099500000, 0x0000000099500000| Untracked 
| 134|0x0000000099600000, 0x0000000099600000, 0x0000000099700000|  0%| F|  |TAMS 0x0000000099600000, 0x0000000099600000| Untracked 
| 135|0x0000000099700000, 0x0000000099700000, 0x0000000099800000|  0%| F|  |TAMS 0x0000000099700000, 0x0000000099700000| Untracked 
| 136|0x0000000099800000, 0x0000000099800000, 0x0000000099900000|  0%| F|  |TAMS 0x0000000099800000, 0x0000000099800000| Untracked 
| 137|0x0000000099900000, 0x0000000099900000, 0x0000000099a00000|  0%| F|  |TAMS 0x0000000099900000, 0x0000000099900000| Untracked 
| 138|0x0000000099a00000, 0x0000000099a00000, 0x0000000099b00000|  0%| F|  |TAMS 0x0000000099a00000, 0x0000000099a00000| Untracked 
| 139|0x0000000099b00000, 0x0000000099b00000, 0x0000000099c00000|  0%| F|  |TAMS 0x0000000099b00000, 0x0000000099b00000| Untracked 
| 140|0x0000000099c00000, 0x0000000099c00000, 0x0000000099d00000|  0%| F|  |TAMS 0x0000000099c00000, 0x0000000099c00000| Untracked 
| 141|0x0000000099d00000, 0x0000000099d00000, 0x0000000099e00000|  0%| F|  |TAMS 0x0000000099d00000, 0x0000000099d00000| Untracked 
| 142|0x0000000099e00000, 0x0000000099e00000, 0x0000000099f00000|  0%| F|  |TAMS 0x0000000099e00000, 0x0000000099e00000| Untracked 
| 143|0x0000000099f00000, 0x0000000099f00000, 0x000000009a000000|  0%| F|  |TAMS 0x0000000099f00000, 0x0000000099f00000| Untracked 
| 144|0x000000009a000000, 0x000000009a000000, 0x000000009a100000|  0%| F|  |TAMS 0x000000009a000000, 0x000000009a000000| Untracked 
| 145|0x000000009a100000, 0x000000009a100000, 0x000000009a200000|  0%| F|  |TAMS 0x000000009a100000, 0x000000009a100000| Untracked 
| 146|0x000000009a200000, 0x000000009a200000, 0x000000009a300000|  0%| F|  |TAMS 0x000000009a200000, 0x000000009a200000| Untracked 
| 147|0x000000009a300000, 0x000000009a300000, 0x000000009a400000|  0%| F|  |TAMS 0x000000009a300000, 0x000000009a300000| Untracked 
| 148|0x000000009a400000, 0x000000009a400000, 0x000000009a500000|  0%| F|  |TAMS 0x000000009a400000, 0x000000009a400000| Untracked 
| 149|0x000000009a500000, 0x000000009a500000, 0x000000009a600000|  0%| F|  |TAMS 0x000000009a500000, 0x000000009a500000| Untracked 
| 150|0x000000009a600000, 0x000000009a600000, 0x000000009a700000|  0%| F|  |TAMS 0x000000009a600000, 0x000000009a600000| Untracked 
| 151|0x000000009a700000, 0x000000009a700000, 0x000000009a800000|  0%| F|  |TAMS 0x000000009a700000, 0x000000009a700000| Untracked 
| 152|0x000000009a800000, 0x000000009a800000, 0x000000009a900000|  0%| F|  |TAMS 0x000000009a800000, 0x000000009a800000| Untracked 
| 153|0x000000009a900000, 0x000000009a900000, 0x000000009aa00000|  0%| F|  |TAMS 0x000000009a900000, 0x000000009a900000| Untracked 
| 154|0x000000009aa00000, 0x000000009aa00000, 0x000000009ab00000|  0%| F|  |TAMS 0x000000009aa00000, 0x000000009aa00000| Untracked 
| 155|0x000000009ab00000, 0x000000009ab00000, 0x000000009ac00000|  0%| F|  |TAMS 0x000000009ab00000, 0x000000009ab00000| Untracked 
| 156|0x000000009ac00000, 0x000000009ac00000, 0x000000009ad00000|  0%| F|  |TAMS 0x000000009ac00000, 0x000000009ac00000| Untracked 
| 157|0x000000009ad00000, 0x000000009ad00000, 0x000000009ae00000|  0%| F|  |TAMS 0x000000009ad00000, 0x000000009ad00000| Untracked 
| 158|0x000000009ae00000, 0x000000009ae00000, 0x000000009af00000|  0%| F|  |TAMS 0x000000009ae00000, 0x000000009ae00000| Untracked 
| 159|0x000000009af00000, 0x000000009af00000, 0x000000009b000000|  0%| F|  |TAMS 0x000000009af00000, 0x000000009af00000| Untracked 
| 160|0x000000009b000000, 0x000000009b000000, 0x000000009b100000|  0%| F|  |TAMS 0x000000009b000000, 0x000000009b000000| Untracked 
| 161|0x000000009b100000, 0x000000009b100000, 0x000000009b200000|  0%| F|  |TAMS 0x000000009b100000, 0x000000009b100000| Untracked 
| 162|0x000000009b200000, 0x000000009b200000, 0x000000009b300000|  0%| F|  |TAMS 0x000000009b200000, 0x000000009b200000| Untracked 
| 163|0x000000009b300000, 0x000000009b300000, 0x000000009b400000|  0%| F|  |TAMS 0x000000009b300000, 0x000000009b300000| Untracked 
| 164|0x000000009b400000, 0x000000009b400000, 0x000000009b500000|  0%| F|  |TAMS 0x000000009b400000, 0x000000009b400000| Untracked 
| 165|0x000000009b500000, 0x000000009b500000, 0x000000009b600000|  0%| F|  |TAMS 0x000000009b500000, 0x000000009b500000| Untracked 
| 166|0x000000009b600000, 0x000000009b600000, 0x000000009b700000|  0%| F|  |TAMS 0x000000009b600000, 0x000000009b600000| Untracked 
| 167|0x000000009b700000, 0x000000009b780800, 0x000000009b800000| 50%| E|  |TAMS 0x000000009b700000, 0x000000009b700000| Complete 
| 168|0x000000009b800000, 0x000000009b900000, 0x000000009b900000|100%| E|CS|TAMS 0x000000009b800000, 0x000000009b800000| Complete 
| 169|0x000000009b900000, 0x000000009ba00000, 0x000000009ba00000|100%| E|CS|TAMS 0x000000009b900000, 0x000000009b900000| Complete 
| 170|0x000000009ba00000, 0x000000009bb00000, 0x000000009bb00000|100%| E|CS|TAMS 0x000000009ba00000, 0x000000009ba00000| Complete 
| 171|0x000000009bb00000, 0x000000009bc00000, 0x000000009bc00000|100%| E|CS|TAMS 0x000000009bb00000, 0x000000009bb00000| Complete 
| 172|0x000000009bc00000, 0x000000009bd00000, 0x000000009bd00000|100%| E|CS|TAMS 0x000000009bc00000, 0x000000009bc00000| Complete 

Card table byte_map: [0x0000025357370000,0x00000253576f0000] _byte_map_base: 0x0000025356ee8000

Marking Bits (Prev, Next): (CMBitMap*) 0x000002533fad99f0, (CMBitMap*) 0x000002533fad9a30
 Prev Bits: [0x0000025357a70000, 0x0000025359630000)
 Next Bits: [0x0000025359630000, 0x000002535b1f0000)

Polling page: 0x000002533da60000

Metaspace:

Usage:
  Non-class:     34.00 MB capacity,    33.83 MB (>99%) used,   132.52 KB ( <1%) free+waste,    44.62 KB ( <1%) overhead. 
      Class:      4.44 MB capacity,     4.34 MB ( 98%) used,    88.02 KB (  2%) free+waste,    15.31 KB ( <1%) overhead. 
       Both:     38.44 MB capacity,    38.16 MB (>99%) used,   220.53 KB ( <1%) free+waste,    59.94 KB ( <1%) overhead. 

Virtual space:
  Non-class space:       34.00 MB reserved,      34.00 MB (100%) committed 
      Class space:        1.00 GB reserved,       4.50 MB ( <1%) committed 
             Both:        1.03 GB reserved,      38.50 MB (  4%) committed 

Chunk freelists:
   Non-Class:  1.00 KB
       Class:  30.00 KB
        Both:  31.00 KB

MaxMetaspaceSize: 17179869184.00 GB
CompressedClassSpaceSize: 1.00 GB

CodeHeap 'non-profiled nmethods': size=120000Kb used=3186Kb max_used=3186Kb free=116813Kb
 bounds [0x000002534f790000, 0x000002534fab0000, 0x0000025356cc0000]
CodeHeap 'profiled nmethods': size=120000Kb used=8720Kb max_used=8720Kb free=111279Kb
 bounds [0x0000025348260000, 0x0000025348af0000, 0x000002534f790000]
CodeHeap 'non-nmethods': size=5760Kb used=1302Kb max_used=1362Kb free=4457Kb
 bounds [0x0000025347cc0000, 0x0000025347f30000, 0x0000025348260000]
 total_blobs=4710 nmethods=4124 adapters=498
 compilation: enabled
              stopped_count=0, restarted_count=0
 full_count=0

Compilation events (20 events):
Event: 18.420 Thread 0x000002535dc2c0b0 4802       3       io.qameta.allure.internal.shadowed.jackson.databind.AnnotationIntrospector::_findAnnotation (6 bytes)
Event: 18.420 Thread 0x000002535dc2c0b0 nmethod 4802 0x0000025348acd790 code [0x0000025348acd940, 0x0000025348acdb08]
Event: 18.423 Thread 0x000002535dc26f40 4803       4       org.aspectj.weaver.AbstractReferenceTypeDelegate::setSourcefilename (133 bytes)
Event: 18.430 Thread 0x00000253612fbef0 4804       4       java.lang.String::regionMatches (189 bytes)
Event: 18.436 Thread 0x00000253612fbef0 nmethod 4804 0x000002534faaa390 code [0x000002534faaa520, 0x000002534faaa8c8]
Event: 18.450 Thread 0x000002535dc2c0b0 4805       3       java.lang.ClassLoader::checkCerts (121 bytes)
Event: 18.452 Thread 0x000002535dc2c0b0 nmethod 4805 0x0000025348acdc10 code [0x0000025348acdf00, 0x0000025348acede8]
Event: 18.469 Thread 0x00000253612fbef0 4806       4       org.aspectj.apache.bcel.classfile.LocalVariable::getName (21 bytes)
Event: 18.471 Thread 0x00000253612fbef0 nmethod 4806 0x000002534faaac10 code [0x000002534faaada0, 0x000002534faaaeb8]
Event: 18.472 Thread 0x00000253612fbef0 4807       4       org.aspectj.weaver.bcel.BcelWorld::buildBcelDelegate (17 bytes)
Event: 18.475 Thread 0x000002535dc2c0b0 4811   !   2       jdk.internal.loader.BuiltinClassLoader::findResource (154 bytes)
Event: 18.476 Thread 0x000002535dc2c0b0 nmethod 4811 0x0000025348acf390 code [0x0000025348acf600, 0x0000025348acfbc8]
Event: 18.482 Thread 0x000002535dc2c0b0 4812       3       java.lang.ClassLoader::getNamedPackage (73 bytes)
Event: 18.482 Thread 0x000002535dc2c0b0 nmethod 4812 0x0000025348ad0110 code [0x0000025348ad0300, 0x0000025348ad0968]
Event: 18.538 Thread 0x000002535dc2c0b0 4815       1       io.qameta.allure.internal.shadowed.jackson.databind.JavaType::getRawClass (5 bytes)
Event: 18.538 Thread 0x000002535dc2c0b0 nmethod 4815 0x000002534faab090 code [0x000002534faab220, 0x000002534faab2d8]
Event: 18.544 Thread 0x000002535dc2c0b0 4816       3       java.lang.ClassLoader::definePackage (85 bytes)
Event: 18.546 Thread 0x000002535dc2c0b0 nmethod 4816 0x0000025348ad0b10 code [0x0000025348ad0de0, 0x0000025348ad1e18]
Event: 18.550 Thread 0x000002535dc2c0b0 4817   !   3       java.util.concurrent.ConcurrentHashMap::computeIfAbsent (576 bytes)
Event: 18.554 Thread 0x000002535dc2c0b0 nmethod 4817 0x0000025348ad2290 code [0x0000025348ad2680, 0x0000025348ad4978]

GC Heap History (20 events):
Event: 4.709 GC heap before
{Heap before GC invocations=4 (full 0):
 garbage-first heap   total 114688K, used 69632K [0x0000000091000000, 0x0000000100000000)
  region size 1024K, 41 young (41984K), 4 survivors (4096K)
 Metaspace       used 16306K, capacity 16487K, committed 16768K, reserved 1064960K
  class space    used 1555K, capacity 1606K, committed 1664K, reserved 1048576K
}
Event: 4.728 GC heap after
{Heap after GC invocations=5 (full 0):
 garbage-first heap   total 147456K, used 36205K [0x0000000091000000, 0x0000000100000000)
  region size 1024K, 4 young (4096K), 4 survivors (4096K)
 Metaspace       used 16306K, capacity 16487K, committed 16768K, reserved 1064960K
  class space    used 1555K, capacity 1606K, committed 1664K, reserved 1048576K
}
Event: 5.929 GC heap before
{Heap before GC invocations=5 (full 0):
 garbage-first heap   total 147456K, used 99693K [0x0000000091000000, 0x0000000100000000)
  region size 1024K, 59 young (60416K), 4 survivors (4096K)
 Metaspace       used 20545K, capacity 20810K, committed 20864K, reserved 1069056K
  class space    used 2099K, capacity 2170K, committed 2176K, reserved 1048576K
}
Event: 5.947 GC heap after
{Heap after GC invocations=6 (full 0):
 garbage-first heap   total 147456K, used 48438K [0x0000000091000000, 0x0000000100000000)
  region size 1024K, 8 young (8192K), 8 survivors (8192K)
 Metaspace       used 20545K, capacity 20810K, committed 20864K, reserved 1069056K
  class space    used 2099K, capacity 2170K, committed 2176K, reserved 1048576K
}
Event: 6.320 GC heap before
{Heap before GC invocations=6 (full 0):
 garbage-first heap   total 147456K, used 87350K [0x0000000091000000, 0x0000000100000000)
  region size 1024K, 40 young (40960K), 8 survivors (8192K)
 Metaspace       used 20881K, capacity 21133K, committed 21248K, reserved 1069056K
  class space    used 2134K, capacity 2211K, committed 2304K, reserved 1048576K
}
Event: 6.338 GC heap after
{Heap after GC invocations=7 (full 0):
 garbage-first heap   total 147456K, used 49911K [0x0000000091000000, 0x0000000100000000)
  region size 1024K, 5 young (5120K), 5 survivors (5120K)
 Metaspace       used 20881K, capacity 21133K, committed 21248K, reserved 1069056K
  class space    used 2134K, capacity 2211K, committed 2304K, reserved 1048576K
}
Event: 7.247 GC heap before
{Heap before GC invocations=8 (full 0):
 garbage-first heap   total 147456K, used 98039K [0x0000000091000000, 0x0000000100000000)
  region size 1024K, 52 young (53248K), 5 survivors (5120K)
 Metaspace       used 23600K, capacity 23873K, committed 24064K, reserved 1071104K
  class space    used 2461K, capacity 2542K, committed 2560K, reserved 1048576K
}
Event: 7.264 GC heap after
{Heap after GC invocations=9 (full 0):
 garbage-first heap   total 147456K, used 54637K [0x0000000091000000, 0x0000000100000000)
  region size 1024K, 6 young (6144K), 6 survivors (6144K)
 Metaspace       used 23600K, capacity 23873K, committed 24064K, reserved 1071104K
  class space    used 2461K, capacity 2542K, committed 2560K, reserved 1048576K
}
Event: 7.275 GC heap before
{Heap before GC invocations=9 (full 0):
 garbage-first heap   total 147456K, used 55661K [0x0000000091000000, 0x0000000100000000)
  region size 1024K, 7 young (7168K), 6 survivors (6144K)
 Metaspace       used 23642K, capacity 23969K, committed 24192K, reserved 1071104K
  class space    used 2471K, capacity 2574K, committed 2688K, reserved 1048576K
}
Event: 7.296 GC heap after
{Heap after GC invocations=10 (full 0):
 garbage-first heap   total 177152K, used 47101K [0x0000000091000000, 0x0000000100000000)
  region size 1024K, 1 young (1024K), 1 survivors (1024K)
 Metaspace       used 23642K, capacity 23969K, committed 24192K, reserved 1071104K
  class space    used 2471K, capacity 2574K, committed 2688K, reserved 1048576K
}
Event: 8.838 GC heap before
{Heap before GC invocations=10 (full 0):
 garbage-first heap   total 177152K, used 116733K [0x0000000091000000, 0x0000000100000000)
  region size 1024K, 69 young (70656K), 1 survivors (1024K)
 Metaspace       used 28264K, capacity 28551K, committed 28800K, reserved 1075200K
  class space    used 3031K, capacity 3120K, committed 3200K, reserved 1048576K
}
Event: 8.849 GC heap after
{Heap after GC invocations=11 (full 0):
 garbage-first heap   total 177152K, used 53596K [0x0000000091000000, 0x0000000100000000)
  region size 1024K, 8 young (8192K), 8 survivors (8192K)
 Metaspace       used 28264K, capacity 28551K, committed 28800K, reserved 1075200K
  class space    used 3031K, capacity 3120K, committed 3200K, reserved 1048576K
}
Event: 10.319 GC heap before
{Heap before GC invocations=11 (full 0):
 garbage-first heap   total 177152K, used 122204K [0x0000000091000000, 0x0000000100000000)
  region size 1024K, 75 young (76800K), 8 survivors (8192K)
 Metaspace       used 31234K, capacity 31476K, committed 31744K, reserved 1077248K
  class space    used 3376K, capacity 3476K, committed 3584K, reserved 1048576K
}
Event: 10.334 GC heap after
{Heap after GC invocations=12 (full 0):
 garbage-first heap   total 177152K, used 60828K [0x0000000091000000, 0x0000000100000000)
  region size 1024K, 8 young (8192K), 8 survivors (8192K)
 Metaspace       used 31234K, capacity 31476K, committed 31744K, reserved 1077248K
  class space    used 3376K, capacity 3476K, committed 3584K, reserved 1048576K
}
Event: 12.133 GC heap before
{Heap before GC invocations=12 (full 0):
 garbage-first heap   total 177152K, used 126364K [0x0000000091000000, 0x0000000100000000)
  region size 1024K, 72 young (73728K), 8 survivors (8192K)
 Metaspace       used 35498K, capacity 35768K, committed 35840K, reserved 1081344K
  class space    used 3947K, capacity 4032K, committed 4096K, reserved 1048576K
}
Event: 12.148 GC heap after
{Heap after GC invocations=13 (full 0):
 garbage-first heap   total 177152K, used 67519K [0x0000000091000000, 0x0000000100000000)
  region size 1024K, 7 young (7168K), 7 survivors (7168K)
 Metaspace       used 35498K, capacity 35768K, committed 35840K, reserved 1081344K
  class space    used 3947K, capacity 4032K, committed 4096K, reserved 1048576K
}
Event: 12.149 GC heap before
{Heap before GC invocations=13 (full 0):
 garbage-first heap   total 177152K, used 67519K [0x0000000091000000, 0x0000000100000000)
  region size 1024K, 8 young (8192K), 7 survivors (7168K)
 Metaspace       used 35508K, capacity 35768K, committed 35840K, reserved 1081344K
  class space    used 3948K, capacity 4032K, committed 4096K, reserved 1048576K
}
Event: 12.157 GC heap after
{Heap after GC invocations=14 (full 0):
 garbage-first heap   total 177152K, used 67846K [0x0000000091000000, 0x0000000100000000)
  region size 1024K, 1 young (1024K), 1 survivors (1024K)
 Metaspace       used 35508K, capacity 35768K, committed 35840K, reserved 1081344K
  class space    used 3948K, capacity 4032K, committed 4096K, reserved 1048576K
}
Event: 18.453 GC heap before
{Heap before GC invocations=15 (full 0):
 garbage-first heap   total 177152K, used 141574K [0x0000000091000000, 0x0000000100000000)
  region size 1024K, 68 young (69632K), 1 survivors (1024K)
 Metaspace       used 38785K, capacity 39073K, committed 39168K, reserved 1083392K
  class space    used 4415K, capacity 4514K, committed 4608K, reserved 1048576K
}
Event: 18.463 GC heap after
{Heap after GC invocations=16 (full 0):
 garbage-first heap   total 177152K, used 77781K [0x0000000091000000, 0x0000000100000000)
  region size 1024K, 7 young (7168K), 7 survivors (7168K)
 Metaspace       used 38785K, capacity 39073K, committed 39168K, reserved 1083392K
  class space    used 4415K, capacity 4514K, committed 4608K, reserved 1048576K
}

Deoptimization events (20 events):
Event: 18.474 Thread 0x000002533fa9da80 DEOPT PACKING pc=0x0000025348a9036b sp=0x00000079b75f9470
Event: 18.474 Thread 0x000002533fa9da80 DEOPT UNPACKING pc=0x0000025347d0e23f sp=0x00000079b75f8a40 mode 0
Event: 18.512 Thread 0x000002533fa9da80 Uncommon trap: trap_request=0xffffffc6 fr.pc=0x000002534f9642e0 relative=0x00000000000014c0
Event: 18.512 Thread 0x000002533fa9da80 Uncommon trap: reason=bimorphic_or_optimized_type_check action=maybe_recompile pc=0x000002534f9642e0 method=java.util.concurrent.ConcurrentHashMap.putVal(Ljava/lang/Object;Ljava/lang/Object;Z)Ljava/lang/Object; @ 242 c2
Event: 18.512 Thread 0x000002533fa9da80 DEOPT PACKING pc=0x000002534f9642e0 sp=0x00000079b75fc660
Event: 18.512 Thread 0x000002533fa9da80 DEOPT UNPACKING pc=0x0000025347d0e42f sp=0x00000079b75fc5d0 mode 2
Event: 18.512 Thread 0x000002533fa9da80 Uncommon trap: trap_request=0xffffffc6 fr.pc=0x000002534f9642e0 relative=0x00000000000014c0
Event: 18.512 Thread 0x000002533fa9da80 Uncommon trap: reason=bimorphic_or_optimized_type_check action=maybe_recompile pc=0x000002534f9642e0 method=java.util.concurrent.ConcurrentHashMap.putVal(Ljava/lang/Object;Ljava/lang/Object;Z)Ljava/lang/Object; @ 242 c2
Event: 18.516 Thread 0x000002533fa9da80 DEOPT PACKING pc=0x000002534f9642e0 sp=0x00000079b75fc8d0
Event: 18.516 Thread 0x000002533fa9da80 DEOPT UNPACKING pc=0x0000025347d0e42f sp=0x00000079b75fc840 mode 2
Event: 18.516 Thread 0x000002533fa9da80 Uncommon trap: trap_request=0xffffffde fr.pc=0x000002534f964160 relative=0x0000000000001340
Event: 18.516 Thread 0x000002533fa9da80 Uncommon trap: reason=class_check action=maybe_recompile pc=0x000002534f964160 method=java.util.concurrent.ConcurrentHashMap.putVal(Ljava/lang/Object;Ljava/lang/Object;Z)Ljava/lang/Object; @ 159 c2
Event: 18.516 Thread 0x000002533fa9da80 DEOPT PACKING pc=0x000002534f964160 sp=0x00000079b75fc7c0
Event: 18.516 Thread 0x000002533fa9da80 DEOPT UNPACKING pc=0x0000025347d0e42f sp=0x00000079b75fc740 mode 2
Event: 18.526 Thread 0x000002533fa9da80 Uncommon trap: trap_request=0xffffffde fr.pc=0x000002534f964160 relative=0x0000000000001340
Event: 18.526 Thread 0x000002533fa9da80 Uncommon trap: reason=class_check action=maybe_recompile pc=0x000002534f964160 method=java.util.concurrent.ConcurrentHashMap.putVal(Ljava/lang/Object;Ljava/lang/Object;Z)Ljava/lang/Object; @ 159 c2
Event: 18.526 Thread 0x000002533fa9da80 DEOPT PACKING pc=0x000002534f964160 sp=0x00000079b75fc660
Event: 18.526 Thread 0x000002533fa9da80 DEOPT UNPACKING pc=0x0000025347d0e42f sp=0x00000079b75fc5e0 mode 2
Event: 18.540 Thread 0x000002533fa9da80 DEOPT PACKING pc=0x0000025348a9036b sp=0x00000079b75f9410
Event: 18.541 Thread 0x000002533fa9da80 DEOPT UNPACKING pc=0x0000025347d0e23f sp=0x00000079b75f89e0 mode 0

Classes unloaded (0 events):
No events

Classes redefined (0 events):
No events

Internal exceptions (20 events):
Event: 17.838 Thread 0x000002533fa9da80 Exception <a 'sun/nio/fs/WindowsException'{0x0000000098767d58}> (0x0000000098767d58) 
thrown [./open/src/hotspot/share/prims/jni.cpp, line 578]
Event: 18.067 Thread 0x000002533fa9da80 Exception <a 'sun/nio/fs/WindowsException'{0x00000000986edfd8}> (0x00000000986edfd8) 
thrown [./open/src/hotspot/share/prims/jni.cpp, line 578]
Event: 18.139 Thread 0x000002533fa9da80 Exception <a 'java/lang/reflect/InvocationTargetException'{0x00000000981c5e90}> (0x00000000981c5e90) 
thrown [./open/src/hotspot/share/runtime/reflection.cpp, line 1157]
Event: 18.147 Thread 0x000002533fa9da80 Exception <a 'java/lang/IncompatibleClassChangeError'{0x00000000981f1f60}: Found class java.lang.Object, but interface was expected> (0x00000000981f1f60) 
thrown [./open/src/hotspot/share/interpreter/linkResolver.cpp, line 848]
Event: 18.229 Thread 0x000002533fa9da80 Exception <a 'java/lang/ArrayIndexOutOfBoundsException'{0x000000009802ec78}> (0x000000009802ec78) 
thrown [./open/src/hotspot/share/runtime/sharedRuntime.cpp, line 585]
Event: 18.229 Thread 0x000002533fa9da80 Exception <a 'java/lang/ArrayIndexOutOfBoundsException'{0x000000009802f790}> (0x000000009802f790) 
thrown [./open/src/hotspot/share/runtime/sharedRuntime.cpp, line 585]
Event: 18.229 Thread 0x000002533fa9da80 Exception <a 'java/lang/ArrayIndexOutOfBoundsException'{0x00000000980302a8}: Index 11 out of bounds for length 11> (0x00000000980302a8) 
thrown [./open/src/hotspot/share/interpreter/interpreterRuntime.cpp, line 443]
Event: 18.235 Thread 0x000002533fa9da80 Exception <a 'java/lang/ArrayIndexOutOfBoundsException'{0x0000000098031c90}> (0x0000000098031c90) 
thrown [./open/src/hotspot/share/runtime/sharedRuntime.cpp, line 585]
Event: 18.235 Thread 0x000002533fa9da80 Exception <a 'java/lang/ArrayIndexOutOfBoundsException'{0x00000000980327a8}> (0x00000000980327a8) 
thrown [./open/src/hotspot/share/runtime/sharedRuntime.cpp, line 585]
Event: 18.235 Thread 0x000002533fa9da80 Exception <a 'java/lang/ArrayIndexOutOfBoundsException'{0x00000000980332c0}: Index 9 out of bounds for length 9> (0x00000000980332c0) 
thrown [./open/src/hotspot/share/interpreter/interpreterRuntime.cpp, line 443]
Event: 18.236 Thread 0x000002533fa9da80 Exception <a 'java/lang/ArrayIndexOutOfBoundsException'{0x000000009803a8e8}> (0x000000009803a8e8) 
thrown [./open/src/hotspot/share/runtime/sharedRuntime.cpp, line 585]
Event: 18.236 Thread 0x000002533fa9da80 Exception <a 'java/lang/ArrayIndexOutOfBoundsException'{0x000000009803b400}> (0x000000009803b400) 
thrown [./open/src/hotspot/share/runtime/sharedRuntime.cpp, line 585]
Event: 18.237 Thread 0x000002533fa9da80 Exception <a 'java/lang/ArrayIndexOutOfBoundsException'{0x000000009803bf18}: Index 7 out of bounds for length 7> (0x000000009803bf18) 
thrown [./open/src/hotspot/share/interpreter/interpreterRuntime.cpp, line 443]
Event: 18.274 Thread 0x000002533fa9da80 Exception <a 'sun/nio/fs/WindowsException'{0x000000009808c170}> (0x000000009808c170) 
thrown [./open/src/hotspot/share/prims/jni.cpp, line 578]
Event: 18.312 Thread 0x000002533fa9da80 Exception <a 'java/lang/IncompatibleClassChangeError'{0x0000000097f4fb30}: Found class java.lang.Object, but interface was expected> (0x0000000097f4fb30) 
thrown [./open/src/hotspot/share/interpreter/linkResolver.cpp, line 848]
Event: 18.313 Thread 0x000002533fa9da80 Exception <a 'java/lang/IncompatibleClassChangeError'{0x0000000097f53120}: Found class java.lang.Object, but interface was expected> (0x0000000097f53120) 
thrown [./open/src/hotspot/share/interpreter/linkResolver.cpp, line 848]
Event: 18.315 Thread 0x000002533fa9da80 Exception <a 'java/lang/IncompatibleClassChangeError'{0x0000000097f56750}: Found class java.lang.Object, but interface was expected> (0x0000000097f56750) 
thrown [./open/src/hotspot/share/interpreter/linkResolver.cpp, line 848]
Event: 18.315 Thread 0x000002533fa9da80 Exception <a 'java/lang/IncompatibleClassChangeError'{0x0000000097f59d58}: Found class java.lang.Object, but interface was expected> (0x0000000097f59d58) 
thrown [./open/src/hotspot/share/interpreter/linkResolver.cpp, line 848]
Event: 18.316 Thread 0x000002533fa9da80 Exception <a 'java/lang/IncompatibleClassChangeError'{0x0000000097f5d388}: Found class java.lang.Object, but interface was expected> (0x0000000097f5d388) 
thrown [./open/src/hotspot/share/interpreter/linkResolver.cpp, line 848]
Event: 18.317 Thread 0x000002533fa9da80 Exception <a 'sun/nio/fs/WindowsException'{0x0000000097f60778}> (0x0000000097f60778) 
thrown [./open/src/hotspot/share/prims/jni.cpp, line 578]

Events (20 events):
Event: 18.295 loading class java/util/concurrent/ConcurrentHashMap$ValueSpliterator
Event: 18.295 loading class java/util/concurrent/ConcurrentHashMap$ValueSpliterator done
Event: 18.383 Executing VM operation: HandshakeAllThreads
Event: 18.384 Executing VM operation: HandshakeAllThreads done
Event: 18.433 loading class org/w3c/dom/Node
Event: 18.437 loading class org/w3c/dom/Node done
Event: 18.437 loading class org/w3c/dom/Document
Event: 18.437 loading class org/w3c/dom/Document done
Event: 18.452 Executing VM operation: G1CollectForAllocation
Event: 18.466 Executing VM operation: G1CollectForAllocation done
Event: 18.466 Executing VM operation: HandshakeAllThreads
Event: 18.466 Executing VM operation: HandshakeAllThreads done
Event: 18.496 loading class sun/reflect/generics/scope/MethodScope
Event: 18.501 loading class sun/reflect/generics/scope/MethodScope done
Event: 18.501 loading class sun/reflect/generics/repository/MethodRepository
Event: 18.502 loading class sun/reflect/generics/repository/ConstructorRepository
Event: 18.505 loading class sun/reflect/generics/repository/ConstructorRepository done
Event: 18.505 loading class sun/reflect/generics/repository/MethodRepository done
Event: 18.505 loading class sun/reflect/generics/tree/MethodTypeSignature
Event: 18.505 loading class sun/reflect/generics/tree/MethodTypeSignature done


Dynamic libraries:
0x00007ff7aa680000 - 0x00007ff7aa68f000 	C:\Java\jdk-15\bin\java.exe
0x00007ffaa0850000 - 0x00007ffaa0a47000 	C:\WINDOWS\SYSTEM32\ntdll.dll
0x00007ffa9f500000 - 0x00007ffa9f5bd000 	C:\WINDOWS\System32\KERNEL32.DLL
0x00007ffa9df70000 - 0x00007ffa9e23d000 	C:\WINDOWS\System32\KERNELBASE.dll
0x00007ffa9e620000 - 0x00007ffa9e720000 	C:\WINDOWS\System32\ucrtbase.dll
0x00007ffa94830000 - 0x00007ffa94848000 	C:\Java\jdk-15\bin\jli.dll
0x00007ffa9ff70000 - 0x00007ffaa001e000 	C:\WINDOWS\System32\ADVAPI32.dll
0x00007ffa9ea00000 - 0x00007ffa9ea9e000 	C:\WINDOWS\System32\msvcrt.dll
0x00007ffa9fa50000 - 0x00007ffa9faec000 	C:\WINDOWS\System32\sechost.dll
0x00007ffa9f920000 - 0x00007ffa9fa45000 	C:\WINDOWS\System32\RPCRT4.dll
0x00007ffaa04f0000 - 0x00007ffaa0690000 	C:\WINDOWS\System32\USER32.dll
0x00007ffa9e550000 - 0x00007ffa9e572000 	C:\WINDOWS\System32\win32u.dll
0x00007ffa93d60000 - 0x00007ffa93d79000 	C:\Java\jdk-15\bin\VCRUNTIME140.dll
0x00007ffaa0690000 - 0x00007ffaa06ba000 	C:\WINDOWS\System32\GDI32.dll
0x00007ffa9e360000 - 0x00007ffa9e46b000 	C:\WINDOWS\System32\gdi32full.dll
0x00007ffa817c0000 - 0x00007ffa81a5a000 	C:\WINDOWS\WinSxS\amd64_microsoft.windows.common-controls_6595b64144ccf1df_6.0.19041.1110_none_60b5254171f9507e\COMCTL32.dll
0x00007ffa9e580000 - 0x00007ffa9e61d000 	C:\WINDOWS\System32\msvcp_win.dll
0x00007ffa959d0000 - 0x00007ffa959da000 	C:\WINDOWS\SYSTEM32\VERSION.dll
0x00007ffa9eb70000 - 0x00007ffa9eba0000 	C:\WINDOWS\System32\IMM32.DLL
0x00007ffa946d0000 - 0x00007ffa946dc000 	C:\Java\jdk-15\bin\vcruntime140_1.dll
0x00007ffa61c60000 - 0x00007ffa61cf1000 	C:\Java\jdk-15\bin\msvcp140.dll
0x00007ffa39220000 - 0x00007ffa39d7c000 	C:\Java\jdk-15\bin\server\jvm.dll
0x00007ffa9f770000 - 0x00007ffa9f778000 	C:\WINDOWS\System32\PSAPI.DLL
0x00007ffa7b780000 - 0x00007ffa7b789000 	C:\WINDOWS\SYSTEM32\WSOCK32.dll
0x00007ffaa07a0000 - 0x00007ffaa080b000 	C:\WINDOWS\System32\WS2_32.dll
0x00007ffa9b0a0000 - 0x00007ffa9b0c7000 	C:\WINDOWS\SYSTEM32\WINMM.dll
0x00007ffa9c850000 - 0x00007ffa9c862000 	C:\WINDOWS\SYSTEM32\kernel.appcore.dll
0x00007ffa93df0000 - 0x00007ffa93dfa000 	C:\Java\jdk-15\bin\jimage.dll
0x00007ffa9c060000 - 0x00007ffa9c244000 	C:\WINDOWS\SYSTEM32\DBGHELP.DLL
0x00007ffa8ecf0000 - 0x00007ffa8ed1c000 	C:\WINDOWS\SYSTEM32\dbgcore.DLL
0x00007ffa9e470000 - 0x00007ffa9e4f2000 	C:\WINDOWS\System32\bcryptPrimitives.dll
0x00007ffa8c6c0000 - 0x00007ffa8c6ce000 	C:\Java\jdk-15\bin\instrument.dll
0x00007ffa8bfa0000 - 0x00007ffa8bfc5000 	C:\Java\jdk-15\bin\java.dll
0x00007ffa9ec80000 - 0x00007ffa9f3c4000 	C:\WINDOWS\System32\SHELL32.dll
0x00007ffa9b7f0000 - 0x00007ffa9bf84000 	C:\WINDOWS\SYSTEM32\windows.storage.dll
0x00007ffa9faf0000 - 0x00007ffa9fe44000 	C:\WINDOWS\System32\combase.dll
0x00007ffa9d900000 - 0x00007ffa9d92c000 	C:\WINDOWS\SYSTEM32\Wldp.dll
0x00007ffa9fe50000 - 0x00007ffa9fefd000 	C:\WINDOWS\System32\SHCORE.dll
0x00007ffa9f780000 - 0x00007ffa9f7d5000 	C:\WINDOWS\System32\shlwapi.dll
0x00007ffa9deb0000 - 0x00007ffa9decf000 	C:\WINDOWS\SYSTEM32\profapi.dll
0x00007ffa8f460000 - 0x00007ffa8f478000 	C:\Java\jdk-15\bin\zip.dll
0x00007ffa91940000 - 0x00007ffa91959000 	C:\Java\jdk-15\bin\net.dll
0x00007ffa96aa0000 - 0x00007ffa96baa000 	C:\WINDOWS\SYSTEM32\WINHTTP.dll
0x00007ffa9d660000 - 0x00007ffa9d6ca000 	C:\WINDOWS\system32\mswsock.dll
0x00007ffa90f20000 - 0x00007ffa90f32000 	C:\Java\jdk-15\bin\nio.dll
0x00007ffa77800000 - 0x00007ffa7781a000 	C:\Program Files\JetBrains\IntelliJ IDEA Community Edition 2022.1.2\bin\breakgen64.dll
0x00007ffa91390000 - 0x00007ffa913a0000 	C:\Java\jdk-15\bin\verify.dll
0x00007ffa9d850000 - 0x00007ffa9d868000 	C:\WINDOWS\SYSTEM32\CRYPTSP.dll
0x00007ffa9cfe0000 - 0x00007ffa9d014000 	C:\WINDOWS\system32\rsaenh.dll
0x00007ffa9e880000 - 0x00007ffa9e8a7000 	C:\WINDOWS\System32\bcrypt.dll
0x00007ffa9de70000 - 0x00007ffa9de9e000 	C:\WINDOWS\SYSTEM32\USERENV.dll
0x00007ffa9d870000 - 0x00007ffa9d87c000 	C:\WINDOWS\SYSTEM32\CRYPTBASE.dll
0x00007ffa9d350000 - 0x00007ffa9d38b000 	C:\WINDOWS\SYSTEM32\IPHLPAPI.DLL
0x00007ffa9ff00000 - 0x00007ffa9ff08000 	C:\WINDOWS\System32\NSI.dll
0x00007ffa95260000 - 0x00007ffa95277000 	C:\WINDOWS\SYSTEM32\dhcpcsvc6.DLL
0x00007ffa95a90000 - 0x00007ffa95aad000 	C:\WINDOWS\SYSTEM32\dhcpcsvc.DLL
0x00007ffa9d390000 - 0x00007ffa9d45b000 	C:\WINDOWS\SYSTEM32\DNSAPI.dll
0x00007ffa77c50000 - 0x00007ffa77c67000 	C:\WINDOWS\system32\napinsp.dll
0x00007ffa77c30000 - 0x00007ffa77c4b000 	C:\WINDOWS\system32\pnrpnsp.dll
0x00007ffa98410000 - 0x00007ffa98425000 	C:\WINDOWS\system32\wshbth.dll
0x00007ffa98c60000 - 0x00007ffa98c7d000 	C:\WINDOWS\system32\NLAapi.dll
0x00007ffa77c10000 - 0x00007ffa77c22000 	C:\WINDOWS\System32\winrnr.dll
0x00007ffa8ef40000 - 0x00007ffa8ef4a000 	C:\Windows\System32\rasadhlp.dll
0x00007ffa8f6c0000 - 0x00007ffa8f740000 	C:\WINDOWS\System32\fwpuclnt.dll
0x00007ffa85050000 - 0x00007ffa85059000 	C:\Java\jdk-15\bin\management.dll
0x00007ffa805d0000 - 0x00007ffa805db000 	C:\Java\jdk-15\bin\management_ext.dll
0x00007ffa910a0000 - 0x00007ffa910ad000 	C:\Java\jdk-15\bin\sunmscapi.dll
0x00007ffa9e720000 - 0x00007ffa9e876000 	C:\WINDOWS\System32\CRYPT32.dll
0x00007ffa9d970000 - 0x00007ffa9d997000 	C:\WINDOWS\SYSTEM32\ncrypt.dll
0x00007ffa9d930000 - 0x00007ffa9d96b000 	C:\WINDOWS\SYSTEM32\NTASN1.dll

dbghelp: loaded successfully - version: 4.0.5 - missing functions: none
symbol engine: initialized successfully - sym options: 0x614 - pdb path: .;C:\Java\jdk-15\bin;C:\WINDOWS\SYSTEM32;C:\WINDOWS\WinSxS\amd64_microsoft.windows.common-controls_6595b64144ccf1df_6.0.19041.1110_none_60b5254171f9507e;C:\Java\jdk-15\bin\server;C:\Program Files\JetBrains\IntelliJ IDEA Community Edition 2022.1.2\bin

VM Arguments:
jvm_args: -ea -javaagent:C:\Users\OlegZX\.m2\repository/org/aspectj/aspectjweaver/1.9.9.1/aspectjweaver-1.9.9.1.jar -Didea.test.cyclic.buffer.size=1048576 -javaagent:C:\Program Files\JetBrains\IntelliJ IDEA Community Edition 2022.1.2\lib\idea_rt.jar=64502:C:\Program Files\JetBrains\IntelliJ IDEA Community Edition 2022.1.2\bin -Dfile.encoding=UTF-8 
java_command: com.intellij.rt.junit.JUnitStarter -ideVersion5 -junit5 org.selenide.examples.InternetBankTest
java_class_path (initial): C:\Program Files\JetBrains\IntelliJ IDEA Community Edition 2022.1.2\lib\idea_rt.jar;C:\Program Files\JetBrains\IntelliJ IDEA Community Edition 2022.1.2\plugins\junit\lib\junit5-rt.jar;C:\Program Files\JetBrains\IntelliJ IDEA Community Edition 2022.1.2\plugins\junit\lib\junit-rt.jar;D:\selenide-allure-junit-master\target\test-classes;C:\Users\OlegZX\.m2\repository\io\qameta\allure\allure-junit5\2.18.1\allure-junit5-2.18.1.jar;C:\Users\OlegZX\.m2\repository\io\qameta\allure\allure-junit-platform\2.18.1\allure-junit-platform-2.18.1.jar;C:\Users\OlegZX\.m2\repository\io\qameta\allure\allure-test-filter\2.18.1\allure-test-filter-2.18.1.jar;C:\Users\OlegZX\.m2\repository\org\junit\jupiter\junit-jupiter-api\5.8.2\junit-jupiter-api-5.8.2.jar;C:\Users\OlegZX\.m2\repository\org\opentest4j\opentest4j\1.2.0\opentest4j-1.2.0.jar;C:\Users\OlegZX\.m2\repository\org\junit\platform\junit-platform-commons\1.8.2\junit-platform-commons-1.8.2.jar;C:\Users\OlegZX\.m2\repository\org\apiguardian\apiguardian-api\1.1.2\apiguardian-api-1.1.2.jar;C:\Users\OlegZX\.m2\repository\org\junit\platform\junit-platform-launcher\1.8.2\junit-platform-launcher-1.8.2.jar;C:\Users\OlegZX\.m2\repository\org\junit\platform\junit-platform-engine\1.8.2\junit-platform-engine-1.8.2.jar;C:\Users\OlegZX\.m2\repository\io\qameta\allure\allure-selenide\2.18.1\allure-selenide-2.18.1.jar;C:\Users\OlegZX\.m2\repository\io\qameta\allure\allure-java-commons\2.18.1\allure-java-commons-2.18.1.jar;C:\Users\OlegZX\.m2\repository\io\qameta\allure\allure-model\2.18.1\allure-model-2.18.1.jar;C:\Users\OlegZX\.m2\repository\com\codeborne\selenide\6.6.6\selenide-6.6.6.jar;C:\Users\OlegZX\.m2\repository\org\seleniumhq\selenium\selenium-java\4.3.0\selenium-java-4.3.0.jar;C:\Users\OlegZX\.m2\repository\org\seleniumhq\selenium\selenium-api\4.3.0\selenium-api-4.3.0.jar;C:\Users\OlegZX\.m2\repository\org\seleniumhq\selenium\selenium-chrome-driver\4.3.0\selenium-chrome-driver-4.3.0.jar;C:\Users\OlegZX\.m2\repo
Launcher Type: SUN_STANDARD

[Global flags]
     intx CICompilerCount                          = 4                                         {product} {ergonomic}
     uint ConcGCThreads                            = 2                                         {product} {ergonomic}
     uint G1ConcRefinementThreads                  = 8                                         {product} {ergonomic}
   size_t G1HeapRegionSize                         = 1048576                                   {product} {ergonomic}
    uintx GCDrainStackTargetSize                   = 64                                        {product} {ergonomic}
   size_t InitialHeapSize                          = 117440512                                 {product} {ergonomic}
   size_t MarkStackSize                            = 4194304                                   {product} {ergonomic}
   size_t MaxHeapSize                              = 1862270976                                {product} {ergonomic}
   size_t MaxNewSize                               = 1116733440                                {product} {ergonomic}
   size_t MinHeapDeltaBytes                        = 1048576                                   {product} {ergonomic}
   size_t MinHeapSize                              = 8388608                                   {product} {ergonomic}
    uintx NonNMethodCodeHeapSize                   = 5839372                                {pd product} {ergonomic}
    uintx NonProfiledCodeHeapSize                  = 122909434                              {pd product} {ergonomic}
    uintx ProfiledCodeHeapSize                     = 122909434                              {pd product} {ergonomic}
    uintx ReservedCodeCacheSize                    = 251658240                              {pd product} {ergonomic}
     bool SegmentedCodeCache                       = true                                      {product} {ergonomic}
   size_t SoftMaxHeapSize                          = 1862270976                             {manageable} {ergonomic}
     bool UseCompressedClassPointers               = true                                 {lp64_product} {ergonomic}
     bool UseCompressedOops                        = true                                 {lp64_product} {ergonomic}
     bool UseG1GC                                  = true                                      {product} {ergonomic}
     bool UseLargePagesIndividualAllocation        = false                                  {pd product} {ergonomic}

Logging:
Log output configuration:
 #0: stdout all=warning uptime,level,tags
 #1: stderr all=off uptime,level,tags

Environment Variables:
PATH=C:\java\jdk-8.0.262.10-hotspot\bin;C:\Program Files (x86)\Common Files\Oracle\Java\javapath;C:\Program Files\Common Files\Oracle\Java\javapath;C:\WINDOWS\system32;C:\WINDOWS;C:\WINDOWS\System32\Wbem;C:\WINDOWS\System32\WindowsPowerShell\v1.0\;C:\WINDOWS\System32\OpenSSH\;C:\Program Files\Git\cmd;c:\apache-maven\bin\;c:\Program Files\jdk-11\bin\;C:\Go\bin;C:\Program Files (x86)\Calibre2\;c:\gradle\bin;c:\wget;C:\Users\OlegZX\AppData\Local\Programs\Python\Python38-32\Scripts\;C:\Users\OlegZX\AppData\Local\Programs\Python\Python38-32\;C:\Users\OlegZX\AppData\Local\Microsoft\WindowsApps;C:\Program Files\JetBrains\IntelliJ IDEA Community Edition 2020.2.2\bin;;c:\apache-maven\bin\;c:\Program Files\jdk-11\bin\;C:\Users\OlegZX\go\bin;C:\Users\OlegZX\AppData\Local\Programs\Microsoft VS Code\bin;c:\gradle\bin;c:\wget;
USERNAME=OlegZX
OS=Windows_NT
PROCESSOR_IDENTIFIER=AMD64 Family 23 Model 24 Stepping 1, AuthenticAMD



---------------  S Y S T E M  ---------------

OS:
 Windows 10 , 64 bit Build 19041 (10.0.19041.1741)
OS uptime: 20 days 21:33 hours

CPU: total 8 (initial active 8) (8 cores per cpu, 2 threads per core) family 23 model 24 stepping 1, cmov, cx8, fxsr, mmx, sse, sse2, sse3, ssse3, sse4.1, sse4.2, popcnt, vzeroupper, avx, avx2, aes, clmul, 3dnowpref, lzcnt, sse4a, ht, tsc, tscinvbit, tscinv, bmi1, bmi2, adx, sha, fma, clflush, clflushopt

Memory: 4k page, system-wide physical 7103M (460M free)
TotalPageFile size 17343M (AvailPageFile size 17M)
current process WorkingSet (physical memory assigned to process): 329M, peak: 346M
current process commit charge ("private bytes"): 376M, peak: 389M

vm_info: Java HotSpot(TM) 64-Bit Server VM (15+36-1562) for windows-amd64 JRE (15+36-1562), built on Aug 11 2020 22:38:02 by "mach5one" with unknown MS VC++:1925

END.
